{
  "RSpec": {
    "coverage": {
      "/Users/thomasbetts/Makers-Academy/week-10/bank-tech-test-2/spec/transaction_spec.rb": [
        1,
        null,
        1,
        1,
        1,
        3,
        null,
        null,
        1,
        1,
        null,
        null,
        1,
        1,
        null,
        null,
        1,
        1,
        null,
        null,
        null
      ],
      "/Users/thomasbetts/Makers-Academy/week-10/bank-tech-test-2/lib/transaction.rb": [
        1,
        null,
        1,
        1,
        3,
        3,
        3,
        null,
        null,
        1,
        null
      ],
      "/Users/thomasbetts/Makers-Academy/week-10/bank-tech-test-2/lib/datestamp.rb": [
        null,
        null,
        null,
        null,
        null,
        null,
        null
      ]
    },
    "timestamp": 1524601811
  }
}
