{
  "RSpec": {
    "coverage": {
      "/Users/thomasbetts/Makers-Academy/week-10/bank-tech-test-2/spec/account_spec.rb": [
        1,
        null,
        1,
        6,
        4,
        2,
        null,
        1,
        7,
        null,
        null,
        1,
        1,
        1,
        null,
        null,
        1,
        1,
        null,
        null,
        null,
        1,
        1,
        1,
        1,
        null,
        null,
        1,
        1,
        1,
        null,
        null,
        null,
        1,
        1,
        1,
        1,
        1,
        null,
        null,
        1,
        1,
        1,
        1,
        null,
        null,
        null,
        1,
        1,
        1,
        1,
        1,
        2,
        null,
        null,
        null
      ],
      "/Users/thomasbetts/Makers-Academy/week-10/bank-tech-test-2/lib/account.rb": [
        1,
        1,
        null,
        1,
        1,
        8,
        8,
        null,
        null,
        1,
        5,
        5,
        null,
        null,
        1,
        3,
        3,
        null,
        null,
        1,
        1,
        1,
        null,
        null,
        1,
        null
      ],
      "/Users/thomasbetts/Makers-Academy/week-10/bank-tech-test-2/lib/transaction.rb": [
        1,
        null,
        1,
        1,
        2,
        2,
        null,
        null,
        1,
        null
      ],
      "/Users/thomasbetts/Makers-Academy/week-10/bank-tech-test-2/lib/printer.rb": [
        1,
        1,
        1,
        null,
        null,
        1,
        1,
        2,
        null,
        null,
        null
      ],
      "/Users/thomasbetts/Makers-Academy/week-10/bank-tech-test-2/spec/printer_spec.rb": [
        1,
        null,
        1,
        1,
        1,
        2,
        null,
        null,
        null,
        1,
        1,
        2,
        null,
        null,
        null
      ],
      "/Users/thomasbetts/Makers-Academy/week-10/bank-tech-test-2/spec/transaction_spec.rb": [
        1,
        null,
        1,
        1,
        1,
        2,
        null,
        null,
        1,
        1,
        null,
        null,
        1,
        1,
        null,
        null,
        null
      ]
    },
    "timestamp": 1524652356
  }
}
